Using pre-set license
Built from '2020.3/staging' branch; Version is '2020.3.14f1 (d0d1bb862f9d) revision 13685179'; Using compiler version '192528614'; Build Type 'Release'
OS: 'Windows 10 Home; OS build 19043.1110; Version 2009; 64bit' Language: 'en' Physical Memory: 16228 MB
BatchMode: 1, IsHumanControllingUs: 0, StartBugReporterOnCrash: 0, Is64bit: 1, IsPro: 0

 COMMAND LINE ARGUMENTS:
C:\Program Files\Unity\Hub\Editor\2020.3.14f1\Editor\Unity.exe
-adb2
-batchMode
-noUpm
-name
AssetImportWorker0
-projectPath
C:/Users/enron/Documents/GitHub/holbertonschool-unity/0x01-unity_concepts
-logFile
Logs/AssetImportWorker0.log
-srvPort
50679
Successfully changed project path to: C:/Users/enron/Documents/GitHub/holbertonschool-unity/0x01-unity_concepts
C:/Users/enron/Documents/GitHub/holbertonschool-unity/0x01-unity_concepts
Using Asset Import Pipeline V2.
Refreshing native plugins compatible for Editor in 24.19 ms, found 2 plugins.
Preloading 0 native plugins for Editor in 0.00 ms.
Initialize engine version: 2020.3.14f1 (d0d1bb862f9d)
[Subsystems] Discovering subsystems at path C:/Program Files/Unity/Hub/Editor/2020.3.14f1/Editor/Data/Resources/UnitySubsystems
[Subsystems] Discovering subsystems at path C:/Users/enron/Documents/GitHub/holbertonschool-unity/0x01-unity_concepts/Assets
GfxDevice: creating device client; threaded=0
Direct3D:
    Version:  Direct3D 11.0 [level 11.1]
    Renderer: NVIDIA GeForce GTX 1660 Ti (ID=0x2191)
    Vendor:   
    VRAM:     5991 MB
    Driver:   26.21.14.4587
Initialize mono
Mono path[0] = 'C:/Program Files/Unity/Hub/Editor/2020.3.14f1/Editor/Data/Managed'
Mono path[1] = 'C:/Program Files/Unity/Hub/Editor/2020.3.14f1/Editor/Data/MonoBleedingEdge/lib/mono/unityjit'
Mono config path = 'C:/Program Files/Unity/Hub/Editor/2020.3.14f1/Editor/Data/MonoBleedingEdge/etc'
Using monoOptions --debugger-agent=transport=dt_socket,embedding=1,server=y,suspend=n,address=127.0.0.1:56772
Begin MonoManager ReloadAssembly
Registering precompiled unity dll's ...
Register platform support module: C:/Program Files/Unity/Hub/Editor/2020.3.14f1/Editor/Data/PlaybackEngines/WindowsStandaloneSupport/UnityEditor.WindowsStandalone.Extensions.dll
Register platform support module: C:/Program Files/Unity/Hub/Editor/2020.3.14f1/Editor/Data/PlaybackEngines/LinuxStandaloneSupport/UnityEditor.LinuxStandalone.Extensions.dll
Registered in 0.002351 seconds.
Native extension for LinuxStandalone target not found
Native extension for WindowsStandalone target not found
Refreshing native plugins compatible for Editor in 21.82 ms, found 2 plugins.
Preloading 0 native plugins for Editor in 0.00 ms.
Mono: successfully reloaded assembly
- Completed reload, in  1.016 seconds
Domain Reload Profiling:
	ReloadAssembly (1016ms)
		BeginReloadAssembly (49ms)
			ExecutionOrderSort (0ms)
			DisableScriptedObjects (0ms)
			BackupInstance (0ms)
			ReleaseScriptingObjects (0ms)
			CreateAndSetChildDomain (1ms)
		EndReloadAssembly (350ms)
			LoadAssemblies (47ms)
			RebuildTransferFunctionScriptingTraits (0ms)
			SetupTypeCache (132ms)
			ReleaseScriptCaches (0ms)
			RebuildScriptCaches (28ms)
			SetupLoadedEditorAssemblies (126ms)
				LogAssemblyErrors (0ms)
				InitializePlatformSupportModulesInManaged (5ms)
				SetLoadedEditorAssemblies (0ms)
				RefreshPlugins (22ms)
				BeforeProcessingInitializeOnLoad (5ms)
				ProcessInitializeOnLoadAttributes (70ms)
				ProcessInitializeOnLoadMethodAttributes (24ms)
				AfterProcessingInitializeOnLoad (0ms)
				EditorAssembliesLoaded (0ms)
			ExecutionOrderSort2 (0ms)
			AwakeInstancesAfterBackupRestoration (0ms)
Platform modules already initialized, skipping
Registering precompiled user dll's ...
Registered in 0.003875 seconds.
Begin MonoManager ReloadAssembly
Native extension for LinuxStandalone target not found
Native extension for WindowsStandalone target not found
Refreshing native plugins compatible for Editor in 0.29 ms, found 2 plugins.
Preloading 0 native plugins for Editor in 0.00 ms.
Mono: successfully reloaded assembly
- Completed reload, in  0.862 seconds
Domain Reload Profiling:
	ReloadAssembly (862ms)
		BeginReloadAssembly (145ms)
			ExecutionOrderSort (0ms)
			DisableScriptedObjects (4ms)
			BackupInstance (0ms)
			ReleaseScriptingObjects (0ms)
			CreateAndSetChildDomain (15ms)
		EndReloadAssembly (664ms)
			LoadAssemblies (91ms)
			RebuildTransferFunctionScriptingTraits (0ms)
			SetupTypeCache (224ms)
			ReleaseScriptCaches (0ms)
			RebuildScriptCaches (35ms)
			SetupLoadedEditorAssemblies (253ms)
				LogAssemblyErrors (0ms)
				InitializePlatformSupportModulesInManaged (9ms)
				SetLoadedEditorAssemblies (0ms)
				RefreshPlugins (0ms)
				BeforeProcessingInitializeOnLoad (44ms)
				ProcessInitializeOnLoadAttributes (191ms)
				ProcessInitializeOnLoadMethodAttributes (3ms)
				AfterProcessingInitializeOnLoad (6ms)
				EditorAssembliesLoaded (0ms)
			ExecutionOrderSort2 (0ms)
			AwakeInstancesAfterBackupRestoration (5ms)
Platform modules already initialized, skipping
========================================================================
Worker process is ready to serve import requests
Launched and connected shader compiler UnityShaderCompiler.exe after 0.04 seconds
Refreshing native plugins compatible for Editor in 0.25 ms, found 2 plugins.
Preloading 0 native plugins for Editor in 0.00 ms.
Unloading 1390 Unused Serialized files (Serialized files now loaded: 0)
System memory in use before: 64.8 MB.
System memory in use after: 64.8 MB.

Unloading 19 unused Assets to reduce memory usage. Loaded Objects now: 1823.
Total: 1.710500 ms (FindLiveObjects: 0.111700 ms CreateObjectMapping: 0.035500 ms MarkObjects: 1.501500 ms  DeleteObjects: 0.060900 ms)

AssetImportParameters requested are different than current active one (requested -> active):
  custom:framework-win-MediaFoundation: 216162199b28c13a410421893ffa2e32 -> 
  custom:video-decoder-ogg-theora: a1e56fd34408186e4bbccfd4996cb3dc -> 
  custom:container-muxer-webm: aa71ff27fc2769a1b78a27578f13a17b -> 
  custom:container-demuxer-webm: 4f35f7cbe854078d1ac9338744f61a02 -> 
  custom:container-demuxer-ogg: 62fdf1f143b41e24485cea50d1cbac27 -> 
  custom:video-encoder-webm-vp8: eb34c28f22e8b96e1ab97ce403110664 -> 
  custom:video-decoder-webm-vp8: 9c59270c3fd7afecdb556c50c9e8de78 -> 
  custom:audio-decoder-ogg-vorbis: bf7c407c2cedff20999df2af8eb42d56 -> 
  custom:audio-encoder-webm-vorbis: bf7c407c2cedff20999df2af8eb42d56 -> 
========================================================================
Received Import Request.
  path: Assets/Scenes/0-floor 1.unity
  artifactKey: Guid(0ace24786c6d0714fa5f0304d7382134) Importer(815301076,1909f56bfc062723c751e8b465ee728b)
Start importing Assets/Scenes/0-floor 1.unity using Guid(0ace24786c6d0714fa5f0304d7382134) Importer(815301076,1909f56bfc062723c751e8b465ee728b)  -> (artifact id: '10332f29b5c3e23d56c63ed205311b0d') in 0.013503 seconds 
  Import took 0.015305 seconds .

========================================================================
Received Import Request.
  Time since last request: 19.504075 seconds.
  path: Assets/Scenes/1-ball.unity
  artifactKey: Guid(0ace24786c6d0714fa5f0304d7382134) Importer(815301076,1909f56bfc062723c751e8b465ee728b)
Start importing Assets/Scenes/1-ball.unity using Guid(0ace24786c6d0714fa5f0304d7382134) Importer(815301076,1909f56bfc062723c751e8b465ee728b)  -> (artifact id: 'c50e02de31e44216c9da40b961605d81') in 0.007421 seconds 
  Import took 0.009680 seconds .

========================================================================
Received Import Request.
  Time since last request: 247.047728 seconds.
  path: Assets/Scenes/1-ball.unity
  artifactKey: Guid(0ace24786c6d0714fa5f0304d7382134) Importer(815301076,1909f56bfc062723c751e8b465ee728b)
Start importing Assets/Scenes/1-ball.unity using Guid(0ace24786c6d0714fa5f0304d7382134) Importer(815301076,1909f56bfc062723c751e8b465ee728b)  -> (artifact id: '78f877185f5c7ebc648cf560470f0850') in 0.002382 seconds 
  Import took 0.004780 seconds .

========================================================================
Received Import Request.
  Time since last request: 1.690992 seconds.
  path: Assets/Scenes/1-ball 1.unity
  artifactKey: Guid(9fdf66aaa051d0d40971be6875c13d42) Importer(815301076,1909f56bfc062723c751e8b465ee728b)
Start importing Assets/Scenes/1-ball 1.unity using Guid(9fdf66aaa051d0d40971be6875c13d42) Importer(815301076,1909f56bfc062723c751e8b465ee728b)  -> (artifact id: '11ac1c88dad14eb856633f6de59c7404') in 0.008151 seconds 
  Import took 0.010701 seconds .

========================================================================
Received Import Request.
  Time since last request: 0.001161 seconds.
  path: Assets/Scenes/1-ball 1.unity
  artifactKey: Guid(9fdf66aaa051d0d40971be6875c13d42) Importer(815301076,1909f56bfc062723c751e8b465ee728b)
Start importing Assets/Scenes/1-ball 1.unity using Guid(9fdf66aaa051d0d40971be6875c13d42) Importer(815301076,1909f56bfc062723c751e8b465ee728b)  -> (artifact id: '11ac1c88dad14eb856633f6de59c7404') in 0.003248 seconds 
  Import took 0.006149 seconds .

========================================================================
Received Import Request.
  Time since last request: 10.350492 seconds.
  path: Assets/Scenes/2-colors.unity
  artifactKey: Guid(9fdf66aaa051d0d40971be6875c13d42) Importer(815301076,1909f56bfc062723c751e8b465ee728b)
Start importing Assets/Scenes/2-colors.unity using Guid(9fdf66aaa051d0d40971be6875c13d42) Importer(815301076,1909f56bfc062723c751e8b465ee728b)  -> (artifact id: '5ff1b7aac9fba6cd602e4d0303bdd95b') in 0.007031 seconds 
  Import took 0.009112 seconds .

========================================================================
Received Import Request.
  Time since last request: 22.763775 seconds.
  path: Assets/Scenes/New Folder
  artifactKey: Guid(e9f3eaf6a22e3a447a1c602e3b8dec43) Importer(815301076,1909f56bfc062723c751e8b465ee728b)
Start importing Assets/Scenes/New Folder using Guid(e9f3eaf6a22e3a447a1c602e3b8dec43) Importer(815301076,1909f56bfc062723c751e8b465ee728b)  -> (artifact id: '9874008a5a62e6b49444ab780676de65') in 0.007262 seconds 
  Import took 0.010002 seconds .

========================================================================
Received Import Request.
  Time since last request: 42.952397 seconds.
  path: Assets/New Folder
  artifactKey: Guid(03352731267c452459534ead1fcf969e) Importer(815301076,1909f56bfc062723c751e8b465ee728b)
Start importing Assets/New Folder using Guid(03352731267c452459534ead1fcf969e) Importer(815301076,1909f56bfc062723c751e8b465ee728b)  -> (artifact id: 'c28887c3b3d43fd408991c297698f14f') in 0.002117 seconds 
  Import took 0.004628 seconds .

========================================================================
Received Import Request.
  Time since last request: 14.609677 seconds.
  path: Assets/New Material.mat
  artifactKey: Guid(a0a0e4e1b55fc5b4ea9079176c3ebac5) Importer(815301076,1909f56bfc062723c751e8b465ee728b)
Start importing Assets/New Material.mat using Guid(a0a0e4e1b55fc5b4ea9079176c3ebac5) Importer(815301076,1909f56bfc062723c751e8b465ee728b)  -> (artifact id: '204830dea5f4c321bc31fce108209bc1') in 0.182464 seconds 
  Import took 0.184640 seconds .

========================================================================
Received Import Request.
  Time since last request: 72.336035 seconds.
  path: Assets/Materials
  artifactKey: Guid(03352731267c452459534ead1fcf969e) Importer(815301076,1909f56bfc062723c751e8b465ee728b)
Start importing Assets/Materials using Guid(03352731267c452459534ead1fcf969e) Importer(815301076,1909f56bfc062723c751e8b465ee728b)  -> (artifact id: 'f9e982e329a4d4bf979bbbe0b432c3c6') in 0.007196 seconds 
  Import took 0.009454 seconds .

========================================================================
Received Import Request.
  Time since last request: 30.577980 seconds.
  path: Assets/Materials/floor.mat
  artifactKey: Guid(4f3650dd96fd57d4caf9d5e26f3c5b66) Importer(815301076,1909f56bfc062723c751e8b465ee728b)
Start importing Assets/Materials/floor.mat using Guid(4f3650dd96fd57d4caf9d5e26f3c5b66) Importer(815301076,1909f56bfc062723c751e8b465ee728b)  -> (artifact id: 'ed33fd361bdbffc2515a44fa595024cd') in 0.024674 seconds 
  Import took 0.028103 seconds .

========================================================================
Received Import Request.
  Time since last request: 163.828833 seconds.
  path: Assets/Materials/floor.mat
  artifactKey: Guid(4f3650dd96fd57d4caf9d5e26f3c5b66) Importer(815301076,1909f56bfc062723c751e8b465ee728b)
Start importing Assets/Materials/floor.mat using Guid(4f3650dd96fd57d4caf9d5e26f3c5b66) Importer(815301076,1909f56bfc062723c751e8b465ee728b)  -> (artifact id: 'ee05f98ba222897349e73f75df8edfbc') in 0.021051 seconds 
  Import took 0.023366 seconds .

========================================================================
Received Import Request.
  Time since last request: 6.974527 seconds.
  path: Assets/Materials/ball.mat
  artifactKey: Guid(55571b749c6c5c542821eee3686646b4) Importer(815301076,1909f56bfc062723c751e8b465ee728b)
Start importing Assets/Materials/ball.mat using Guid(55571b749c6c5c542821eee3686646b4) Importer(815301076,1909f56bfc062723c751e8b465ee728b)  -> (artifact id: '75c6aaa94f38ac19d4c38670ed5894f3') in 0.020218 seconds 
  Import took 0.022326 seconds .

========================================================================
Received Import Request.
  Time since last request: 41.390196 seconds.
  path: Assets/Materials/ball.mat
  artifactKey: Guid(55571b749c6c5c542821eee3686646b4) Importer(815301076,1909f56bfc062723c751e8b465ee728b)
Start importing Assets/Materials/ball.mat using Guid(55571b749c6c5c542821eee3686646b4) Importer(815301076,1909f56bfc062723c751e8b465ee728b)  -> (artifact id: '6b32f13d75bd876a8a62b23a1aa059ff') in 0.013332 seconds 
  Import took 0.016522 seconds .

========================================================================
Received Prepare
Registering precompiled user dll's ...
Registered in 0.003554 seconds.
Begin MonoManager ReloadAssembly
Native extension for LinuxStandalone target not found
Native extension for WindowsStandalone target not found
Refreshing native plugins compatible for Editor in 0.30 ms, found 2 plugins.
Preloading 0 native plugins for Editor in 0.00 ms.
Mono: successfully reloaded assembly
- Completed reload, in  0.804 seconds
Domain Reload Profiling:
	ReloadAssembly (805ms)
		BeginReloadAssembly (97ms)
			ExecutionOrderSort (0ms)
			DisableScriptedObjects (4ms)
			BackupInstance (0ms)
			ReleaseScriptingObjects (0ms)
			CreateAndSetChildDomain (29ms)
		EndReloadAssembly (648ms)
			LoadAssemblies (73ms)
			RebuildTransferFunctionScriptingTraits (0ms)
			SetupTypeCache (228ms)
			ReleaseScriptCaches (1ms)
			RebuildScriptCaches (30ms)
			SetupLoadedEditorAssemblies (236ms)
				LogAssemblyErrors (0ms)
				InitializePlatformSupportModulesInManaged (6ms)
				SetLoadedEditorAssemblies (0ms)
				RefreshPlugins (0ms)
				BeforeProcessingInitializeOnLoad (41ms)
				ProcessInitializeOnLoadAttributes (179ms)
				ProcessInitializeOnLoadMethodAttributes (3ms)
				AfterProcessingInitializeOnLoad (6ms)
				EditorAssembliesLoaded (0ms)
			ExecutionOrderSort2 (0ms)
			AwakeInstancesAfterBackupRestoration (6ms)
Platform modules already initialized, skipping
Refreshing native plugins compatible for Editor in 0.27 ms, found 2 plugins.
Preloading 0 native plugins for Editor in 0.00 ms.
Unloading 1385 Unused Serialized files (Serialized files now loaded: 0)
System memory in use before: 68.1 MB.
System memory in use after: 68.1 MB.

Unloading 14 unused Assets to reduce memory usage. Loaded Objects now: 1866.
Total: 1.752800 ms (FindLiveObjects: 0.120400 ms CreateObjectMapping: 0.037100 ms MarkObjects: 1.528200 ms  DeleteObjects: 0.066400 ms)

AssetImportParameters requested are different than current active one (requested -> active):
  custom:framework-win-MediaFoundation: 216162199b28c13a410421893ffa2e32 -> 
  custom:video-decoder-ogg-theora: a1e56fd34408186e4bbccfd4996cb3dc -> 
  custom:container-muxer-webm: aa71ff27fc2769a1b78a27578f13a17b -> 
  custom:container-demuxer-webm: 4f35f7cbe854078d1ac9338744f61a02 -> 
  custom:container-demuxer-ogg: 62fdf1f143b41e24485cea50d1cbac27 -> 
  custom:video-encoder-webm-vp8: eb34c28f22e8b96e1ab97ce403110664 -> 
  custom:video-decoder-webm-vp8: 9c59270c3fd7afecdb556c50c9e8de78 -> 
  custom:audio-decoder-ogg-vorbis: bf7c407c2cedff20999df2af8eb42d56 -> 
  custom:audio-encoder-webm-vorbis: bf7c407c2cedff20999df2af8eb42d56 -> 
========================================================================
Received Import Request.
  Time since last request: 2272.479785 seconds.
  path: Assets/Scenes/2-colors.unity
  artifactKey: Guid(9fdf66aaa051d0d40971be6875c13d42) Importer(815301076,1909f56bfc062723c751e8b465ee728b)
Start importing Assets/Scenes/2-colors.unity using Guid(9fdf66aaa051d0d40971be6875c13d42) Importer(815301076,1909f56bfc062723c751e8b465ee728b)  -> (artifact id: '788c58a2ed8d478fcc6636eec6f40a50') in 0.010507 seconds 
  Import took 0.012961 seconds .

========================================================================
Received Import Request.
  Time since last request: 0.004215 seconds.
  path: Assets/Scenes/2-colors.unity
  artifactKey: Guid(9fdf66aaa051d0d40971be6875c13d42) Importer(815301076,1909f56bfc062723c751e8b465ee728b)
Start importing Assets/Scenes/2-colors.unity using Guid(9fdf66aaa051d0d40971be6875c13d42) Importer(815301076,1909f56bfc062723c751e8b465ee728b)  -> (artifact id: '788c58a2ed8d478fcc6636eec6f40a50') in 0.002724 seconds 
  Import took 0.005351 seconds .

========================================================================
Received Import Request.
  Time since last request: 1.182717 seconds.
  path: Assets/Scenes/2-colors 1.unity
  artifactKey: Guid(e7b5cb7ba2cf8bf43958f2c9b321957b) Importer(815301076,1909f56bfc062723c751e8b465ee728b)
Start importing Assets/Scenes/2-colors 1.unity using Guid(e7b5cb7ba2cf8bf43958f2c9b321957b) Importer(815301076,1909f56bfc062723c751e8b465ee728b)  -> (artifact id: '6beaf14c9e1fd5db7f1e2d1db55289cc') in 0.006757 seconds 
  Import took 0.009185 seconds .

========================================================================
Received Import Request.
  Time since last request: 13.857885 seconds.
  path: Assets/Scenes/3-gravity.unity
  artifactKey: Guid(e7b5cb7ba2cf8bf43958f2c9b321957b) Importer(815301076,1909f56bfc062723c751e8b465ee728b)
Start importing Assets/Scenes/3-gravity.unity using Guid(e7b5cb7ba2cf8bf43958f2c9b321957b) Importer(815301076,1909f56bfc062723c751e8b465ee728b)  -> (artifact id: '73b74978e7319623c2b86b631fb3af34') in 0.006755 seconds 
  Import took 0.009129 seconds .

========================================================================
Received Import Request.
  Time since last request: 108.711927 seconds.
  path: Assets/Materials/New Physic Material.physicMaterial
  artifactKey: Guid(218cea85b13c4004b90b476ed0cae800) Importer(815301076,1909f56bfc062723c751e8b465ee728b)
Start importing Assets/Materials/New Physic Material.physicMaterial using Guid(218cea85b13c4004b90b476ed0cae800) Importer(815301076,1909f56bfc062723c751e8b465ee728b)  -> (artifact id: '1c830bb50964406a8149813527ecd346') in 0.010105 seconds 
  Import took 0.012878 seconds .

========================================================================
Received Import Request.
  Time since last request: 157.357316 seconds.
  path: Assets/Scenes
  artifactKey: Guid(3fe9d1f8243ef164bad73c915041e974) Importer(815301076,1909f56bfc062723c751e8b465ee728b)
Start importing Assets/Scenes using Guid(3fe9d1f8243ef164bad73c915041e974) Importer(815301076,1909f56bfc062723c751e8b465ee728b)  -> (artifact id: '61adad116d1f18eff0c111f2a2b42e30') in 0.013400 seconds 
  Import took 0.017227 seconds .

========================================================================
Received Prepare
Registering precompiled user dll's ...
Registered in 0.003799 seconds.
Begin MonoManager ReloadAssembly
Native extension for LinuxStandalone target not found
Native extension for WindowsStandalone target not found
Refreshing native plugins compatible for Editor in 0.27 ms, found 2 plugins.
Preloading 0 native plugins for Editor in 0.00 ms.
Mono: successfully reloaded assembly
- Completed reload, in  0.817 seconds
Domain Reload Profiling:
	ReloadAssembly (817ms)
		BeginReloadAssembly (122ms)
			ExecutionOrderSort (0ms)
			DisableScriptedObjects (4ms)
			BackupInstance (0ms)
			ReleaseScriptingObjects (0ms)
			CreateAndSetChildDomain (36ms)
		EndReloadAssembly (642ms)
			LoadAssemblies (89ms)
			RebuildTransferFunctionScriptingTraits (0ms)
			SetupTypeCache (219ms)
			ReleaseScriptCaches (1ms)
			RebuildScriptCaches (36ms)
			SetupLoadedEditorAssemblies (235ms)
				LogAssemblyErrors (0ms)
				InitializePlatformSupportModulesInManaged (6ms)
				SetLoadedEditorAssemblies (0ms)
				RefreshPlugins (0ms)
				BeforeProcessingInitializeOnLoad (40ms)
				ProcessInitializeOnLoadAttributes (178ms)
				ProcessInitializeOnLoadMethodAttributes (3ms)
				AfterProcessingInitializeOnLoad (6ms)
				EditorAssembliesLoaded (0ms)
			ExecutionOrderSort2 (0ms)
			AwakeInstancesAfterBackupRestoration (5ms)
Platform modules already initialized, skipping
Refreshing native plugins compatible for Editor in 0.25 ms, found 2 plugins.
Preloading 0 native plugins for Editor in 0.00 ms.
Unloading 1385 Unused Serialized files (Serialized files now loaded: 0)
System memory in use before: 68.1 MB.
System memory in use after: 68.2 MB.

Unloading 14 unused Assets to reduce memory usage. Loaded Objects now: 1869.
Total: 1.723100 ms (FindLiveObjects: 0.113800 ms CreateObjectMapping: 0.034100 ms MarkObjects: 1.487700 ms  DeleteObjects: 0.086900 ms)

AssetImportParameters requested are different than current active one (requested -> active):
  custom:framework-win-MediaFoundation: 216162199b28c13a410421893ffa2e32 -> 
  custom:video-decoder-ogg-theora: a1e56fd34408186e4bbccfd4996cb3dc -> 
  custom:container-muxer-webm: aa71ff27fc2769a1b78a27578f13a17b -> 
  custom:container-demuxer-webm: 4f35f7cbe854078d1ac9338744f61a02 -> 
  custom:container-demuxer-ogg: 62fdf1f143b41e24485cea50d1cbac27 -> 
  custom:video-encoder-webm-vp8: eb34c28f22e8b96e1ab97ce403110664 -> 
  custom:video-decoder-webm-vp8: 9c59270c3fd7afecdb556c50c9e8de78 -> 
  custom:audio-decoder-ogg-vorbis: bf7c407c2cedff20999df2af8eb42d56 -> 
  custom:audio-encoder-webm-vorbis: bf7c407c2cedff20999df2af8eb42d56 -> 
========================================================================
Received Import Request.
  Time since last request: 74.488370 seconds.
  path: Assets/Physic Materials
  artifactKey: Guid(361ac9eb9980be7449211cbfbde79476) Importer(815301076,1909f56bfc062723c751e8b465ee728b)
Start importing Assets/Physic Materials using Guid(361ac9eb9980be7449211cbfbde79476) Importer(815301076,1909f56bfc062723c751e8b465ee728b)  -> (artifact id: 'ee28823d6876a60b78d358fd838b8d43') in 0.008306 seconds 
  Import took 0.010280 seconds .

========================================================================
Received Import Request.
  Time since last request: 0.002139 seconds.
  path: Assets/Physic Materials
  artifactKey: Guid(361ac9eb9980be7449211cbfbde79476) Importer(815301076,1909f56bfc062723c751e8b465ee728b)
Start importing Assets/Physic Materials using Guid(361ac9eb9980be7449211cbfbde79476) Importer(815301076,1909f56bfc062723c751e8b465ee728b)  -> (artifact id: 'ee28823d6876a60b78d358fd838b8d43') in 0.002040 seconds 
  Import took 0.004434 seconds .

========================================================================
Received Import Request.
  Time since last request: 30.961067 seconds.
  path: Assets/Physic Materials/bounce.physicMaterial
  artifactKey: Guid(9bcf53cff83f97d469b3369924abce9b) Importer(815301076,1909f56bfc062723c751e8b465ee728b)
Start importing Assets/Physic Materials/bounce.physicMaterial using Guid(9bcf53cff83f97d469b3369924abce9b) Importer(815301076,1909f56bfc062723c751e8b465ee728b)  -> (artifact id: '1e77568f08c31b6736ef95a560497070') in 0.013934 seconds 
  Import took 0.016838 seconds .

========================================================================
Received Prepare
Registering precompiled user dll's ...
Registered in 0.004712 seconds.
Begin MonoManager ReloadAssembly
Native extension for LinuxStandalone target not found
Native extension for WindowsStandalone target not found
Refreshing native plugins compatible for Editor in 0.32 ms, found 2 plugins.
Preloading 0 native plugins for Editor in 0.00 ms.
Mono: successfully reloaded assembly
- Completed reload, in  0.819 seconds
Domain Reload Profiling:
	ReloadAssembly (820ms)
		BeginReloadAssembly (104ms)
			ExecutionOrderSort (0ms)
			DisableScriptedObjects (4ms)
			BackupInstance (0ms)
			ReleaseScriptingObjects (0ms)
			CreateAndSetChildDomain (41ms)
		EndReloadAssembly (662ms)
			LoadAssemblies (71ms)
			RebuildTransferFunctionScriptingTraits (0ms)
			SetupTypeCache (215ms)
			ReleaseScriptCaches (1ms)
			RebuildScriptCaches (35ms)
			SetupLoadedEditorAssemblies (255ms)
				LogAssemblyErrors (0ms)
				InitializePlatformSupportModulesInManaged (6ms)
				SetLoadedEditorAssemblies (0ms)
				RefreshPlugins (0ms)
				BeforeProcessingInitializeOnLoad (59ms)
				ProcessInitializeOnLoadAttributes (180ms)
				ProcessInitializeOnLoadMethodAttributes (3ms)
				AfterProcessingInitializeOnLoad (6ms)
				EditorAssembliesLoaded (0ms)
			ExecutionOrderSort2 (0ms)
			AwakeInstancesAfterBackupRestoration (6ms)
Platform modules already initialized, skipping
Refreshing native plugins compatible for Editor in 0.26 ms, found 2 plugins.
Preloading 0 native plugins for Editor in 0.00 ms.
Unloading 1385 Unused Serialized files (Serialized files now loaded: 0)
System memory in use before: 68.1 MB.
System memory in use after: 68.2 MB.

Unloading 14 unused Assets to reduce memory usage. Loaded Objects now: 1872.
Total: 1.720000 ms (FindLiveObjects: 0.113400 ms CreateObjectMapping: 0.032400 ms MarkObjects: 1.513300 ms  DeleteObjects: 0.059900 ms)

AssetImportParameters requested are different than current active one (requested -> active):
  custom:framework-win-MediaFoundation: 216162199b28c13a410421893ffa2e32 -> 
  custom:video-decoder-ogg-theora: a1e56fd34408186e4bbccfd4996cb3dc -> 
  custom:container-muxer-webm: aa71ff27fc2769a1b78a27578f13a17b -> 
  custom:container-demuxer-webm: 4f35f7cbe854078d1ac9338744f61a02 -> 
  custom:container-demuxer-ogg: 62fdf1f143b41e24485cea50d1cbac27 -> 
  custom:video-encoder-webm-vp8: eb34c28f22e8b96e1ab97ce403110664 -> 
  custom:video-decoder-webm-vp8: 9c59270c3fd7afecdb556c50c9e8de78 -> 
  custom:audio-decoder-ogg-vorbis: bf7c407c2cedff20999df2af8eb42d56 -> 
  custom:audio-encoder-webm-vorbis: bf7c407c2cedff20999df2af8eb42d56 -> 
========================================================================
Received Import Request.
  Time since last request: 178.054855 seconds.
  path: Assets/Physic Materials/bounce.physicMaterial
  artifactKey: Guid(9bcf53cff83f97d469b3369924abce9b) Importer(815301076,1909f56bfc062723c751e8b465ee728b)
Start importing Assets/Physic Materials/bounce.physicMaterial using Guid(9bcf53cff83f97d469b3369924abce9b) Importer(815301076,1909f56bfc062723c751e8b465ee728b)  -> (artifact id: 'f2d4cfd957474095828db80e7985e700') in 0.008339 seconds 
  Import took 0.010243 seconds .

AssetImportWorkerClient::OnTransportError - code=2 error=End of file
